[ 2019-10-29T21:51:29+08:00 ] ::1 /IEkcpt1.0/index.php/Home/Index/resources/scripts/prototypePre.js
ERR: 非法操作:resources

[ 2019-10-29T21:51:29+08:00 ] ::1 /IEkcpt1.0/index.php/Home/Index/data/document.js
ERR: 非法操作:data

[ 2019-10-29T21:51:29+08:00 ] ::1 /IEkcpt1.0/index.php/Home/Index/resources/scripts/jquery-1.7.1.min.js
ERR: 非法操作:resources

[ 2019-10-29T21:51:29+08:00 ] ::1 /IEkcpt1.0/index.php/Home/Index/resources/scripts/jquery-ui-1.8.10.custom.min.js
ERR: 非法操作:resources

[ 2019-10-29T21:51:29+08:00 ] ::1 /IEkcpt1.0/index.php/Home/Index/resources/scripts/prototypePost.js
ERR: 非法操作:resources

[ 2019-10-29T21:51:29+08:00 ] ::1 /IEkcpt1.0/index.php/Home/Index/files/%E9%80%9A%E8%AE%AF%E5%BD%95%E7%AE%A1%E7%90%86/data.js
ERR: 非法操作:files

[ 2019-10-29T21:51:29+08:00 ] ::1 /IEkcpt1.0/index.php/Home/Index/resources/scripts/prototypePre.js
ERR: 非法操作:resources

[ 2019-10-29T21:51:29+08:00 ] ::1 /IEkcpt1.0/index.php/Home/Index/data/document.js
ERR: 非法操作:data

[ 2019-10-29T21:51:29+08:00 ] ::1 /IEkcpt1.0/index.php/Home/Index/resources/scripts/prototypePost.js
ERR: 非法操作:resources

[ 2019-10-29T21:51:29+08:00 ] ::1 /IEkcpt1.0/index.php/Home/Index/files/%E9%80%9A%E8%AE%AF%E5%BD%95%E7%AE%A1%E7%90%86/data.js
ERR: 非法操作:files

[ 2019-10-29T21:52:21+08:00 ] ::1 /IEkcpt1.0/index.php/Home/Index/resources/scripts/jquery-ui-1.8.10.custom.min.js
ERR: 非法操作:resources

[ 2019-10-29T21:52:21+08:00 ] ::1 /IEkcpt1.0/index.php/Home/Index/resources/scripts/jquery-1.7.1.min.js
ERR: 非法操作:resources

[ 2019-10-29T21:52:22+08:00 ] ::1 /IEkcpt1.0/index.php/Home/Index/data/document.js
ERR: 非法操作:data

[ 2019-10-29T21:52:22+08:00 ] ::1 /IEkcpt1.0/index.php/Home/Index/resources/scripts/prototypePost.js
ERR: 非法操作:resources

[ 2019-10-29T21:52:22+08:00 ] ::1 /IEkcpt1.0/index.php/Home/Index/resources/scripts/prototypePre.js
ERR: 非法操作:resources

[ 2019-10-29T21:52:22+08:00 ] ::1 /IEkcpt1.0/index.php/Home/Index/files/%E6%96%B0%E5%A2%9E%E8%81%94%E7%B3%BB%E4%BA%BA%E8%AF%A6%E7%BB%86%E4%BF%A1%E6%81%AF/data.js
ERR: 非法操作:files

[ 2019-10-29T21:52:22+08:00 ] ::1 /IEkcpt1.0/index.php/Home/Index/resources/scripts/jquery-ui-1.8.10.custom.min.js
ERR: 非法操作:resources

[ 2019-10-29T21:52:22+08:00 ] ::1 /IEkcpt1.0/index.php/Home/Index/resources/scripts/prototypePre.js
ERR: 非法操作:resources

[ 2019-10-29T21:52:22+08:00 ] ::1 /IEkcpt1.0/index.php/Home/Index/data/document.js
ERR: 非法操作:data

[ 2019-10-29T21:52:22+08:00 ] ::1 /IEkcpt1.0/index.php/Home/Index/resources/scripts/prototypePost.js
ERR: 非法操作:resources

[ 2019-10-29T21:52:22+08:00 ] ::1 /IEkcpt1.0/index.php/Home/Index/files/%E6%96%B0%E5%A2%9E%E8%81%94%E7%B3%BB%E4%BA%BA%E8%AF%A6%E7%BB%86%E4%BF%A1%E6%81%AF/data.js
ERR: 非法操作:files

[ 2019-10-29T21:52:31+08:00 ] ::1 /IEkcpt1.0/index.php/Home/Index/data/document.js
ERR: 非法操作:data

[ 2019-10-29T21:52:31+08:00 ] ::1 /IEkcpt1.0/index.php/Home/Index/resources/scripts/prototypePost.js
ERR: 非法操作:resources

[ 2019-10-29T21:52:31+08:00 ] ::1 /IEkcpt1.0/index.php/Home/Index/files/%E9%80%9A%E8%AE%AF%E5%BD%95%E7%AE%A1%E7%90%86/data.js
ERR: 非法操作:files

[ 2019-10-29T21:52:31+08:00 ] ::1 /IEkcpt1.0/index.php/Home/Index/resources/scripts/prototypePre.js
ERR: 非法操作:resources

[ 2019-10-29T21:52:31+08:00 ] ::1 /IEkcpt1.0/index.php/Home/Index/resources/scripts/jquery-1.7.1.min.js
ERR: 非法操作:resources

[ 2019-10-29T21:52:31+08:00 ] ::1 /IEkcpt1.0/index.php/Home/Index/resources/scripts/jquery-ui-1.8.10.custom.min.js
ERR: 非法操作:resources

[ 2019-10-29T21:52:31+08:00 ] ::1 /IEkcpt1.0/index.php/Home/Index/resources/scripts/prototypePre.js
ERR: 非法操作:resources

[ 2019-10-29T21:52:32+08:00 ] ::1 /IEkcpt1.0/index.php/Home/Index/data/document.js
ERR: 非法操作:data

[ 2019-10-29T21:52:32+08:00 ] ::1 /IEkcpt1.0/index.php/Home/Index/resources/scripts/prototypePost.js
ERR: 非法操作:resources

[ 2019-10-29T21:52:32+08:00 ] ::1 /IEkcpt1.0/index.php/Home/Index/files/%E9%80%9A%E8%AE%AF%E5%BD%95%E7%AE%A1%E7%90%86/data.js
ERR: 非法操作:files

[ 2019-10-29T21:52:53+08:00 ] ::1 /IEkcpt1.0/index.php/Home/Index/resources/scripts/jquery-ui-1.8.10.custom.min.js
ERR: 非法操作:resources

[ 2019-10-29T21:52:53+08:00 ] ::1 /IEkcpt1.0/index.php/Home/Index/resources/scripts/prototypePre.js
ERR: 非法操作:resources

[ 2019-10-29T21:52:53+08:00 ] ::1 /IEkcpt1.0/index.php/Home/Index/files/%E9%80%9A%E8%AE%AF%E5%BD%95%E7%AE%A1%E7%90%86/data.js
ERR: 非法操作:files

[ 2019-10-29T21:52:53+08:00 ] ::1 /IEkcpt1.0/index.php/Home/Index/data/document.js
ERR: 非法操作:data

[ 2019-10-29T21:52:53+08:00 ] ::1 /IEkcpt1.0/index.php/Home/Index/resources/scripts/jquery-1.7.1.min.js
ERR: 非法操作:resources

[ 2019-10-29T21:52:53+08:00 ] ::1 /IEkcpt1.0/index.php/Home/Index/resources/scripts/prototypePost.js
ERR: 非法操作:resources

[ 2019-10-29T21:52:53+08:00 ] ::1 /IEkcpt1.0/index.php/Home/Index/resources/scripts/jquery-ui-1.8.10.custom.min.js
ERR: 非法操作:resources

[ 2019-10-29T21:52:53+08:00 ] ::1 /IEkcpt1.0/index.php/Home/Index/resources/scripts/prototypePre.js
ERR: 非法操作:resources

[ 2019-10-29T21:52:53+08:00 ] ::1 /IEkcpt1.0/index.php/Home/Index/data/document.js
ERR: 非法操作:data

[ 2019-10-29T21:52:53+08:00 ] ::1 /IEkcpt1.0/index.php/Home/Index/resources/scripts/prototypePost.js
ERR: 非法操作:resources

[ 2019-10-29T21:52:53+08:00 ] ::1 /IEkcpt1.0/index.php/Home/Index/files/%E9%80%9A%E8%AE%AF%E5%BD%95%E7%AE%A1%E7%90%86/data.js
ERR: 非法操作:files

[ 2019-10-29T21:53:07+08:00 ] ::1 /IEkcpt1.0/index.php/Home/Index/resources/scripts/jquery-1.7.1.min.js
ERR: 非法操作:resources

[ 2019-10-29T21:53:07+08:00 ] ::1 /IEkcpt1.0/index.php/Home/Index/resources/scripts/prototypePre.js
ERR: 非法操作:resources

[ 2019-10-29T21:53:07+08:00 ] ::1 /IEkcpt1.0/index.php/Home/Index/resources/scripts/jquery-ui-1.8.10.custom.min.js
ERR: 非法操作:resources

[ 2019-10-29T21:53:07+08:00 ] ::1 /IEkcpt1.0/index.php/Home/Index/resources/scripts/prototypePost.js
ERR: 非法操作:resources

[ 2019-10-29T21:53:07+08:00 ] ::1 /IEkcpt1.0/index.php/Home/Index/files/%E9%80%9A%E8%AE%AF%E5%BD%95%E7%AE%A1%E7%90%86/data.js
ERR: 非法操作:files

[ 2019-10-29T21:53:07+08:00 ] ::1 /IEkcpt1.0/index.php/Home/Index/data/document.js
ERR: 非法操作:data

[ 2019-10-29T21:53:07+08:00 ] ::1 /IEkcpt1.0/index.php/Home/Index/resources/scripts/prototypePre.js
ERR: 非法操作:resources

[ 2019-10-29T21:53:07+08:00 ] ::1 /IEkcpt1.0/index.php/Home/Index/data/document.js
ERR: 非法操作:data

[ 2019-10-29T21:53:07+08:00 ] ::1 /IEkcpt1.0/index.php/Home/Index/resources/scripts/prototypePost.js
ERR: 非法操作:resources

[ 2019-10-29T21:53:07+08:00 ] ::1 /IEkcpt1.0/index.php/Home/Index/files/%E9%80%9A%E8%AE%AF%E5%BD%95%E7%AE%A1%E7%90%86/data.js
ERR: 非法操作:files

[ 2019-10-29T21:53:14+08:00 ] ::1 /IEkcpt1.0/index.php/Home/Index/resources/scripts/jquery-ui-1.8.10.custom.min.js
ERR: 非法操作:resources

[ 2019-10-29T21:53:14+08:00 ] ::1 /IEkcpt1.0/index.php/Home/Index/resources/scripts/prototypePre.js
ERR: 非法操作:resources

[ 2019-10-29T21:53:14+08:00 ] ::1 /IEkcpt1.0/index.php/Home/Index/resources/scripts/jquery-1.7.1.min.js
ERR: 非法操作:resources

[ 2019-10-29T21:53:14+08:00 ] ::1 /IEkcpt1.0/index.php/Home/Index/files/%E9%80%9A%E8%AE%AF%E5%BD%95%E7%AE%A1%E7%90%86/data.js
ERR: 非法操作:files

[ 2019-10-29T21:53:14+08:00 ] ::1 /IEkcpt1.0/index.php/Home/Index/resources/scripts/prototypePost.js
ERR: 非法操作:resources

[ 2019-10-29T21:53:14+08:00 ] ::1 /IEkcpt1.0/index.php/Home/Index/data/document.js
ERR: 非法操作:data

[ 2019-10-29T21:53:14+08:00 ] ::1 /IEkcpt1.0/index.php/Home/Index/resources/scripts/jquery-ui-1.8.10.custom.min.js
ERR: 非法操作:resources

[ 2019-10-29T21:53:14+08:00 ] ::1 /IEkcpt1.0/index.php/Home/Index/resources/scripts/prototypePre.js
ERR: 非法操作:resources

[ 2019-10-29T21:53:14+08:00 ] ::1 /IEkcpt1.0/index.php/Home/Index/data/document.js
ERR: 非法操作:data

[ 2019-10-29T21:53:14+08:00 ] ::1 /IEkcpt1.0/index.php/Home/Index/resources/scripts/prototypePost.js
ERR: 非法操作:resources

[ 2019-10-29T21:53:14+08:00 ] ::1 /IEkcpt1.0/index.php/Home/Index/files/%E9%80%9A%E8%AE%AF%E5%BD%95%E7%AE%A1%E7%90%86/data.js
ERR: 非法操作:files

