[ 2019-10-27T20:04:56+08:00 ] ::1 /IEkcpt1.0/index
ERR: 无法加载模块:Index

[ 2019-10-27T20:05:25+08:00 ] ::1 /IEkcpt1.0/index
ERR: 无法加载模块:Index

[ 2019-10-27T20:05:30+08:00 ] ::1 /IEkcpt1.0/resources/scripts/prototypePre.js
ERR: 无法加载模块:Resources

[ 2019-10-27T20:05:30+08:00 ] ::1 /IEkcpt1.0/resources/scripts/prototypePost.js
ERR: 无法加载模块:Resources

[ 2019-10-27T20:05:30+08:00 ] ::1 /IEkcpt1.0/resources/scripts/jquery-1.7.1.min.js
ERR: 无法加载模块:Resources

[ 2019-10-27T20:05:30+08:00 ] ::1 /IEkcpt1.0/files/%E9%80%9A%E8%AE%AF%E5%BD%95%E7%AE%A1%E7%90%86/data.js
ERR: 无法加载模块:Files

[ 2019-10-27T20:05:30+08:00 ] ::1 /IEkcpt1.0/data/document.js
ERR: 无法加载模块:Data

[ 2019-10-27T20:05:30+08:00 ] ::1 /IEkcpt1.0/resources/scripts/jquery-ui-1.8.10.custom.min.js
ERR: 无法加载模块:Resources

[ 2019-10-27T20:05:30+08:00 ] ::1 /IEkcpt1.0/images/%E9%80%9A%E8%AE%AF%E5%BD%95%E7%AE%A1%E7%90%86/u70.png
ERR: 无法加载模块:Images

[ 2019-10-27T20:05:30+08:00 ] ::1 /IEkcpt1.0/images/%E9%80%9A%E8%AE%AF%E5%BD%95%E7%AE%A1%E7%90%86/deletebutton_u71.png
ERR: 无法加载模块:Images

[ 2019-10-27T20:05:30+08:00 ] ::1 /IEkcpt1.0/images/%E9%80%9A%E8%AE%AF%E5%BD%95%E7%AE%A1%E7%90%86/u72.png
ERR: 无法加载模块:Images

[ 2019-10-27T20:05:30+08:00 ] ::1 /IEkcpt1.0/resources/scripts/prototypePre.js
ERR: 无法加载模块:Resources

[ 2019-10-27T20:05:30+08:00 ] ::1 /IEkcpt1.0/data/document.js
ERR: 无法加载模块:Data

[ 2019-10-27T20:05:30+08:00 ] ::1 /IEkcpt1.0/resources/scripts/prototypePost.js
ERR: 无法加载模块:Resources

[ 2019-10-27T20:05:30+08:00 ] ::1 /IEkcpt1.0/files/%E9%80%9A%E8%AE%AF%E5%BD%95%E7%AE%A1%E7%90%86/data.js
ERR: 无法加载模块:Files

